<?xml version="1.0" encoding="UTF-8"?>
<!-- Generated by org.testng.reporters.JUnitReportReporter -->
<testsuite hostname="vikrantphadtar" failures="0" tests="1" name="testmanagement.Projects" time="2.858" errors="0" timestamp="2024-01-29T14:38:14 IST" skipped="0">
  <testcase classname="testmanagement.Projects" name="getProjectid" time="2.858"/>
</testsuite> <!-- testmanagement.Projects -->
