<?xml version="1.0" encoding="UTF-8"?>
<!-- Generated by org.testng.reporters.JUnitReportReporter -->
<testsuite hostname="vikrantphadtar" failures="0" tests="2" name="testmanagement.TestPlan" time="4.832" errors="0" timestamp="2024-01-29T14:38:14 IST" skipped="0">
  <testcase classname="testmanagement.TestPlan" name="getTestRunsLinkedToTestPlan" time="1.745"/>
  <testcase classname="testmanagement.TestPlan" name="createTestPlan" time="3.087"/>
</testsuite> <!-- testmanagement.TestPlan -->
