<?xml version="1.0" encoding="UTF-8"?>
<!-- Generated by org.testng.reporters.JUnitReportReporter -->
<testsuite hostname="vikrantphadtar" failures="0" tests="3" name="testmanagement.TestRuns" time="23.955" errors="0" timestamp="2024-01-29T14:38:14 IST" skipped="0">
  <testcase classname="testmanagement.TestRuns" name="getTestRunList" time="1.733"/>
  <testcase classname="testmanagement.TestRuns" name="createTestRuns" time="1.846"/>
  <testcase classname="testmanagement.TestRuns" name="closeTestRuns" time="20.376"/>
</testsuite> <!-- testmanagement.TestRuns -->
